<?xml version="1.0" encoding="UTF-8"?>
<!-- Generated by org.testng.reporters.JUnitReportReporter -->
<testsuite hostname="LAPTOP-JHK0VRI7" failures="0" tests="1" name="program" time="0.007" errors="0" timestamp="2025-01-19T12:33:06 IST" skipped="0">
  <testcase classname="program" name="lists" time="0.007"/>
</testsuite> <!-- program -->
