<?xml version="1.0" encoding="UTF-8"?>
<!-- Generated by org.testng.reporters.JUnitReportReporter -->
<testsuite hostname="LAPTOP-JHK0VRI7" failures="0" tests="1" name="chat" time="10.951" errors="0" timestamp="2025-01-23T11:51:43 IST" skipped="0">
  <testcase classname="chat" name="gpt" time="10.951"/>
</testsuite> <!-- chat -->
