<?xml version="1.0" encoding="UTF-8"?>
<!-- Generated by org.testng.reporters.JUnitReportReporter -->
<testsuite hostname="LAPTOP-JHK0VRI7" failures="0" tests="1" name="DynamicTable" time="5.891" errors="0" timestamp="2025-01-19T22:38:02 IST" skipped="0">
  <testcase classname="DynamicTable" name="demo" time="5.891"/>
</testsuite> <!-- DynamicTable -->
