<?xml version="1.0" encoding="UTF-8"?>
<!-- Generated by org.testng.reporters.JUnitReportReporter -->
<testsuite hostname="LAPTOP-JHK0VRI7" failures="0" tests="1" name="login" time="4.851" errors="0" timestamp="2025-01-19T00:08:51 IST" skipped="0">
  <testcase classname="login" name="loginn" time="4.851"/>
</testsuite> <!-- login -->
