<?xml version="1.0" encoding="UTF-8"?>
<!-- Generated by org.testng.reporters.JUnitReportReporter -->
<testsuite hostname="LAPTOP-JHK0VRI7" failures="0" tests="1" name="sorting" time="0.008" errors="0" timestamp="2025-01-19T15:01:10 IST" skipped="0">
  <testcase classname="sorting" name="sort" time="0.008"/>
</testsuite> <!-- sorting -->
