<?xml version="1.0" encoding="UTF-8"?>
<!-- Generated by org.testng.reporters.JUnitReportReporter -->
<testsuite hostname="LAPTOP-JHK0VRI7" failures="0" tests="1" name="Practice" time="0.009" errors="0" timestamp="2025-01-22T17:48:57 IST" skipped="0">
  <testcase classname="Practice" name="function" time="0.009"/>
</testsuite> <!-- Practice -->
