<?xml version="1.0" encoding="UTF-8"?>
<!-- Generated by org.testng.reporters.JUnitReportReporter -->
<testsuite hostname="LAPTOP-JHK0VRI7" failures="0" tests="1" name="maps" time="0.012" errors="0" timestamp="2025-01-19T12:50:18 IST" skipped="0">
  <testcase classname="maps" name="adding" time="0.012"/>
</testsuite> <!-- maps -->
