<?xml version="1.0" encoding="UTF-8"?>
<!-- Generated by org.testng.reporters.JUnitReportReporter -->
<testsuite hostname="LAPTOP-JHK0VRI7" failures="0" tests="1" name="login" time="9.510" errors="0" timestamp="2025-01-18T22:27:59 IST" skipped="0">
  <testcase classname="login" name="loginn" time="9.510"/>
</testsuite> <!-- login -->
